<?xml version="1.0" encoding="UTF-8"?>
<testsuite xmlns:xsi="http://www.w3.org/2001/XMLSchema-instance" xsi:noNamespaceSchemaLocation="https://maven.apache.org/surefire/maven-surefire-plugin/xsd/surefire-test-report.xsd" name="SearchingTest" time="10.25" tests="3" errors="0" skipped="2" failures="1">
  <properties>
[...]
</properties>
  <testcase name="Initialize" classname="SearchingTest" time="9.727">
    <failure message="expected [РЇРЅРґРµРєСЃ.РњР°СЂРєРµС‚ вЂ” РІС‹Р±РѕСЂ Рё РїРѕРєСѓРїРєР° С‚РѕРІР°СЂРѕРІ РёР· РїСЂРѕРІРµСЂРµРЅРЅС‹С… РёРЅС‚РµСЂРЅРµС‚-РјР°РіР°Р·РёРЅРѕРІ] but found [Яндекс.Маркет — выбор и покупка товаров из проверенных интернет-магазинов]" type="java.lang.AssertionError">java.lang.AssertionError: expected [РЇРЅРґРµРєСЃ.РњР°СЂРєРµС‚ вЂ” РІС‹Р±РѕСЂ Рё РїРѕРєСѓРїРєР° С‚РѕРІР°СЂРѕРІ РёР· РїСЂРѕРІРµСЂРµРЅРЅС‹С… РёРЅС‚РµСЂРЅРµС‚-РјР°РіР°Р·РёРЅРѕРІ] but found [Яндекс.Маркет — выбор и покупка товаров из проверенных интернет-магазинов]
	at SearchingTest.Initialize(SearchingTest.java:25)
</failure>
    <system-err><![CDATA[SLF4J: Failed to load class "org.slf4j.impl.StaticLoggerBinder".
SLF4J: Defaulting to no-operation (NOP) logger implementation
SLF4J: See http://www.slf4j.org/codes.html#StaticLoggerBinder for further details.
1523617205464	geckodriver	INFO	geckodriver 0.20.1
1523617205472	geckodriver	INFO	Listening on 127.0.0.1:46863
1523617206388	mozrunner::runner	INFO	Running command: "C:\\Program Files (x86)\\Mozilla Firefox\\firefox.exe" "-marionette" "-profile" "C:\\Users\\4CFA~1\\AppData\\Local\\Temp\\rust_mozprofile.EG75d6wLebOL"
1523617207042	Marionette	INFO	Enabled via --marionette
1523617209598	Marionette	INFO	Listening on port 62522
1523617210074	Marionette	WARN	TLS certificate errors will be ignored for this session
апр 13, 2018 4:00:10 PM org.openqa.selenium.remote.ProtocolHandshake createSession
INFO: Detected dialect: W3C
]]></system-err>
  </testcase>
  <testcase name="CheckSearching" classname="SearchingTest" time="0">
    <skipped message="expected [РЇРЅРґРµРєСЃ.РњР°СЂРєРµС‚ вЂ” РІС‹Р±РѕСЂ Рё РїРѕРєСѓРїРєР° С‚РѕРІР°СЂРѕРІ РёР· РїСЂРѕРІРµСЂРµРЅРЅС‹С… РёРЅС‚РµСЂРЅРµС‚-РјР°РіР°Р·РёРЅРѕРІ] but found [Яндекс.Маркет — выбор и покупка товаров из проверенных интернет-магазинов]"/>
  </testcase>
  <testcase name="Shutdown" classname="SearchingTest" time="0">
    <skipped/>
  </testcase>
</testsuite>